app/build/intermediates/manifest_merge_blame_file/debug/processDebugMainManifest/manifest-merger-blame-debug-report.txt
1<?xml version="1.0" encoding="utf-8"?>
2<manifest xmlns:android="http://schemas.android.com/apk/res/android"
3    package="com.spendsync.app"
4    android:versionCode="1"
5    android:versionName="1.0.0" >
6
7    <uses-sdk
8        android:minSdkVersion="26"
9        android:targetSdkVersion="35" />
10
11    <uses-permission android:name="android.permission.INTERNET" />
11-->src\main\AndroidManifest.xml:5:5-67
11-->src\main\AndroidManifest.xml:5:22-64
12    <uses-permission android:name="android.permission.RECEIVE_BOOT_COMPLETED" />
12-->src\main\AndroidManifest.xml:6:5-81
12-->src\main\AndroidManifest.xml:6:22-78
13    <uses-permission android:name="android.permission.USE_BIOMETRIC" /> <!-- suppress DeprecatedClassUsageInspection -->
13-->[androidx.biometric:biometric:1.1.0] AndroidManifest.xml:24:5-72
13-->[androidx.biometric:biometric:1.1.0] AndroidManifest.xml:24:22-69
14    <uses-permission android:name="android.permission.USE_FINGERPRINT" />
14-->[androidx.biometric:biometric:1.1.0] AndroidManifest.xml:27:5-74
14-->[androidx.biometric:biometric:1.1.0] AndroidManifest.xml:27:22-71
15    <uses-permission android:name="android.permission.WAKE_LOCK" />
15-->[androidx.work:work-runtime:2.10.0] AndroidManifest.xml:23:5-68
15-->[androidx.work:work-runtime:2.10.0] AndroidManifest.xml:23:22-65
16    <uses-permission android:name="android.permission.ACCESS_NETWORK_STATE" />
16-->[androidx.work:work-runtime:2.10.0] AndroidManifest.xml:24:5-79
16-->[androidx.work:work-runtime:2.10.0] AndroidManifest.xml:24:22-76
17    <uses-permission android:name="android.permission.FOREGROUND_SERVICE" />
17-->[androidx.work:work-runtime:2.10.0] AndroidManifest.xml:26:5-77
17-->[androidx.work:work-runtime:2.10.0] AndroidManifest.xml:26:22-74
18
19    <permission
19-->[androidx.core:core:1.16.0] AndroidManifest.xml:22:5-24:47
20        android:name="com.spendsync.app.DYNAMIC_RECEIVER_NOT_EXPORTED_PERMISSION"
20-->[androidx.core:core:1.16.0] AndroidManifest.xml:23:9-81
21        android:protectionLevel="signature" />
21-->[androidx.core:core:1.16.0] AndroidManifest.xml:24:9-44
22
23    <uses-permission android:name="com.spendsync.app.DYNAMIC_RECEIVER_NOT_EXPORTED_PERMISSION" />
23-->[androidx.core:core:1.16.0] AndroidManifest.xml:26:5-97
23-->[androidx.core:core:1.16.0] AndroidManifest.xml:26:22-94
24
25    <application
25-->src\main\AndroidManifest.xml:8:5-101:19
26        android:name="com.spendsync.app.SyncSpendApp"
26-->src\main\AndroidManifest.xml:9:9-37
27        android:allowBackup="false"
27-->src\main\AndroidManifest.xml:14:9-36
28        android:appComponentFactory="androidx.core.app.CoreComponentFactory"
28-->[androidx.core:core:1.16.0] AndroidManifest.xml:28:18-86
29        android:dataExtractionRules="@xml/data_extraction_rules"
29-->src\main\AndroidManifest.xml:15:9-65
30        android:debuggable="true"
31        android:extractNativeLibs="false"
32        android:fullBackupContent="false"
32-->src\main\AndroidManifest.xml:16:9-42
33        android:icon="@mipmap/ic_launcher"
33-->src\main\AndroidManifest.xml:11:9-43
34        android:label="@string/app_name"
34-->src\main\AndroidManifest.xml:10:9-41
35        android:roundIcon="@mipmap/ic_launcher_round"
35-->src\main\AndroidManifest.xml:12:9-54
36        android:theme="@style/Theme.SpendSync"
36-->src\main\AndroidManifest.xml:13:9-47
37        android:usesCleartextTraffic="false" >
37-->src\main\AndroidManifest.xml:17:9-45
38
39        <!-- Main Activity -->
40        <activity
40-->src\main\AndroidManifest.xml:20:9-52:20
41            android:name="com.spendsync.app.MainActivity"
41-->src\main\AndroidManifest.xml:21:13-41
42            android:exported="true"
42-->src\main\AndroidManifest.xml:22:13-36
43            android:theme="@style/Theme.SyncSpend.Splash"
43-->src\main\AndroidManifest.xml:23:13-58
44            android:windowSoftInputMode="adjustResize" >
44-->src\main\AndroidManifest.xml:24:13-55
45            <intent-filter>
45-->src\main\AndroidManifest.xml:25:13-28:29
46                <action android:name="android.intent.action.MAIN" />
46-->src\main\AndroidManifest.xml:26:17-69
46-->src\main\AndroidManifest.xml:26:25-66
47
48                <category android:name="android.intent.category.LAUNCHER" />
48-->src\main\AndroidManifest.xml:27:17-77
48-->src\main\AndroidManifest.xml:27:27-74
49            </intent-filter>
50
51            <!-- Notion OAuth callback from secure token-exchange redirect -->
52            <intent-filter>
52-->src\main\AndroidManifest.xml:32:13-39:29
53                <action android:name="android.intent.action.VIEW" />
53-->src\main\AndroidManifest.xml:33:17-69
53-->src\main\AndroidManifest.xml:33:25-66
54
55                <category android:name="android.intent.category.DEFAULT" />
55-->src\main\AndroidManifest.xml:34:17-76
55-->src\main\AndroidManifest.xml:34:27-73
56                <category android:name="android.intent.category.BROWSABLE" />
56-->src\main\AndroidManifest.xml:35:17-78
56-->src\main\AndroidManifest.xml:35:27-75
57
58                <data
58-->src\main\AndroidManifest.xml:36:17-38:50
59                    android:host="notion-auth"
59-->src\main\AndroidManifest.xml:38:21-47
60                    android:scheme="syncspend" />
60-->src\main\AndroidManifest.xml:37:21-47
61            </intent-filter>
62
63            <!-- Shortcuts -->
64            <meta-data
64-->src\main\AndroidManifest.xml:42:13-44:53
65                android:name="android.app.shortcuts"
65-->src\main\AndroidManifest.xml:43:17-53
66                android:resource="@xml/shortcuts" />
66-->src\main\AndroidManifest.xml:44:17-50
67
68            <!-- Deep link from widget + shortcut -->
69            <intent-filter>
69-->src\main\AndroidManifest.xml:47:13-50:29
70                <action android:name="com.spendsync.app.ADD_EXPENSE" />
70-->src\main\AndroidManifest.xml:48:17-72
70-->src\main\AndroidManifest.xml:48:25-69
71
72                <category android:name="android.intent.category.DEFAULT" />
72-->src\main\AndroidManifest.xml:34:17-76
72-->src\main\AndroidManifest.xml:34:27-73
73            </intent-filter>
74        </activity>
75        <activity
75-->src\main\AndroidManifest.xml:54:9-63:20
76            android:name="com.spendsync.app.presentation.screens.addexpense.QuickAddActivity"
76-->src\main\AndroidManifest.xml:55:13-77
77            android:exported="true"
77-->src\main\AndroidManifest.xml:56:13-36
78            android:launchMode="singleTop"
78-->src\main\AndroidManifest.xml:58:13-43
79            android:theme="@style/Theme.SpendSync.Transparent" >
79-->src\main\AndroidManifest.xml:57:13-63
80            <intent-filter>
80-->src\main\AndroidManifest.xml:59:13-62:29
81                <action android:name="com.spendsync.app.QUICK_ADD" />
81-->src\main\AndroidManifest.xml:60:17-70
81-->src\main\AndroidManifest.xml:60:25-67
82
83                <category android:name="android.intent.category.DEFAULT" />
83-->src\main\AndroidManifest.xml:34:17-76
83-->src\main\AndroidManifest.xml:34:27-73
84            </intent-filter>
85        </activity>
86
87        <!-- Quick Settings Tile -->
88        <service
88-->src\main\AndroidManifest.xml:66:9-75:19
89            android:name="com.spendsync.app.service.QuickAddTileService"
89-->src\main\AndroidManifest.xml:67:13-56
90            android:exported="true"
90-->src\main\AndroidManifest.xml:68:13-36
91            android:icon="@drawable/ic_add"
91-->src\main\AndroidManifest.xml:70:13-44
92            android:label="Quick Add Expense"
92-->src\main\AndroidManifest.xml:69:13-46
93            android:permission="android.permission.BIND_QUICK_SETTINGS_TILE" >
93-->src\main\AndroidManifest.xml:71:13-77
94            <intent-filter>
94-->src\main\AndroidManifest.xml:72:13-74:29
95                <action android:name="android.service.quicksettings.action.QS_TILE" />
95-->src\main\AndroidManifest.xml:73:17-87
95-->src\main\AndroidManifest.xml:73:25-84
96            </intent-filter>
97        </service>
98
99        <!-- Glance Widget Receiver -->
100        <receiver
100-->src\main\AndroidManifest.xml:78:9-87:20
101            android:name="com.spendsync.app.widget.SyncSpendWidgetReceiver"
101-->src\main\AndroidManifest.xml:79:13-59
102            android:exported="true" >
102-->src\main\AndroidManifest.xml:80:13-36
103            <intent-filter>
103-->src\main\AndroidManifest.xml:81:13-83:29
104                <action android:name="android.appwidget.action.APPWIDGET_UPDATE" />
104-->src\main\AndroidManifest.xml:82:17-84
104-->src\main\AndroidManifest.xml:82:25-81
105            </intent-filter>
106
107            <meta-data
107-->src\main\AndroidManifest.xml:84:13-86:65
108                android:name="android.appwidget.provider"
108-->src\main\AndroidManifest.xml:85:17-58
109                android:resource="@xml/syncspend_widget_info" />
109-->src\main\AndroidManifest.xml:86:17-62
110        </receiver>
111
112        <!-- Disable default WorkManager initializer for Hilt -->
113        <provider
114            android:name="androidx.startup.InitializationProvider"
114-->src\main\AndroidManifest.xml:91:13-67
115            android:authorities="com.spendsync.app.androidx-startup"
115-->src\main\AndroidManifest.xml:92:13-68
116            android:exported="false" >
116-->src\main\AndroidManifest.xml:93:13-37
117            <meta-data
117-->[androidx.emoji2:emoji2:1.3.0] AndroidManifest.xml:29:13-31:52
118                android:name="androidx.emoji2.text.EmojiCompatInitializer"
118-->[androidx.emoji2:emoji2:1.3.0] AndroidManifest.xml:30:17-75
119                android:value="androidx.startup" />
119-->[androidx.emoji2:emoji2:1.3.0] AndroidManifest.xml:31:17-49
120            <meta-data
120-->[androidx.lifecycle:lifecycle-process:2.8.7] AndroidManifest.xml:29:13-31:52
121                android:name="androidx.lifecycle.ProcessLifecycleInitializer"
121-->[androidx.lifecycle:lifecycle-process:2.8.7] AndroidManifest.xml:30:17-78
122                android:value="androidx.startup" />
122-->[androidx.lifecycle:lifecycle-process:2.8.7] AndroidManifest.xml:31:17-49
123            <meta-data
123-->[androidx.profileinstaller:profileinstaller:1.4.0] AndroidManifest.xml:29:13-31:52
124                android:name="androidx.profileinstaller.ProfileInstallerInitializer"
124-->[androidx.profileinstaller:profileinstaller:1.4.0] AndroidManifest.xml:30:17-85
125                android:value="androidx.startup" />
125-->[androidx.profileinstaller:profileinstaller:1.4.0] AndroidManifest.xml:31:17-49
126        </provider>
127
128        <activity
128-->[androidx.glance:glance-appwidget:1.1.1] AndroidManifest.xml:23:9-28:62
129            android:name="androidx.glance.appwidget.action.ActionTrampolineActivity"
129-->[androidx.glance:glance-appwidget:1.1.1] AndroidManifest.xml:24:13-85
130            android:enabled="true"
130-->[androidx.glance:glance-appwidget:1.1.1] AndroidManifest.xml:25:13-35
131            android:excludeFromRecents="true"
131-->[androidx.glance:glance-appwidget:1.1.1] AndroidManifest.xml:26:13-46
132            android:exported="false"
132-->[androidx.glance:glance-appwidget:1.1.1] AndroidManifest.xml:27:13-37
133            android:theme="@android:style/Theme.NoDisplay" />
133-->[androidx.glance:glance-appwidget:1.1.1] AndroidManifest.xml:28:13-59
134        <activity
134-->[androidx.glance:glance-appwidget:1.1.1] AndroidManifest.xml:29:9-36:81
135            android:name="androidx.glance.appwidget.action.InvisibleActionTrampolineActivity"
135-->[androidx.glance:glance-appwidget:1.1.1] AndroidManifest.xml:30:13-94
136            android:enabled="true"
136-->[androidx.glance:glance-appwidget:1.1.1] AndroidManifest.xml:31:13-35
137            android:exported="false"
137-->[androidx.glance:glance-appwidget:1.1.1] AndroidManifest.xml:32:13-37
138            android:launchMode="singleInstance"
138-->[androidx.glance:glance-appwidget:1.1.1] AndroidManifest.xml:33:13-48
139            android:noHistory="true"
139-->[androidx.glance:glance-appwidget:1.1.1] AndroidManifest.xml:34:13-37
140            android:taskAffinity="androidx.glance.appwidget.ListAdapterCallbackTrampoline"
140-->[androidx.glance:glance-appwidget:1.1.1] AndroidManifest.xml:35:13-91
141            android:theme="@style/Widget.Glance.AppWidget.CallbackTrampoline" />
141-->[androidx.glance:glance-appwidget:1.1.1] AndroidManifest.xml:36:13-78
142
143        <receiver
143-->[androidx.glance:glance-appwidget:1.1.1] AndroidManifest.xml:38:9-41:40
144            android:name="androidx.glance.appwidget.action.ActionCallbackBroadcastReceiver"
144-->[androidx.glance:glance-appwidget:1.1.1] AndroidManifest.xml:39:13-92
145            android:enabled="true"
145-->[androidx.glance:glance-appwidget:1.1.1] AndroidManifest.xml:40:13-35
146            android:exported="false" />
146-->[androidx.glance:glance-appwidget:1.1.1] AndroidManifest.xml:41:13-37
147        <receiver
147-->[androidx.glance:glance-appwidget:1.1.1] AndroidManifest.xml:42:9-45:40
148            android:name="androidx.glance.appwidget.UnmanagedSessionReceiver"
148-->[androidx.glance:glance-appwidget:1.1.1] AndroidManifest.xml:43:13-78
149            android:enabled="true"
149-->[androidx.glance:glance-appwidget:1.1.1] AndroidManifest.xml:44:13-35
150            android:exported="false" />
150-->[androidx.glance:glance-appwidget:1.1.1] AndroidManifest.xml:45:13-37
151        <receiver
151-->[androidx.glance:glance-appwidget:1.1.1] AndroidManifest.xml:46:9-53:20
152            android:name="androidx.glance.appwidget.MyPackageReplacedReceiver"
152-->[androidx.glance:glance-appwidget:1.1.1] AndroidManifest.xml:47:13-79
153            android:enabled="true"
153-->[androidx.glance:glance-appwidget:1.1.1] AndroidManifest.xml:48:13-35
154            android:exported="false" >
154-->[androidx.glance:glance-appwidget:1.1.1] AndroidManifest.xml:49:13-37
155            <intent-filter>
155-->[androidx.glance:glance-appwidget:1.1.1] AndroidManifest.xml:50:13-52:29
156                <action android:name="android.intent.action.MY_PACKAGE_REPLACED" />
156-->[androidx.glance:glance-appwidget:1.1.1] AndroidManifest.xml:51:17-84
156-->[androidx.glance:glance-appwidget:1.1.1] AndroidManifest.xml:51:25-81
157            </intent-filter>
158        </receiver>
159
160        <service
160-->[androidx.glance:glance-appwidget:1.1.1] AndroidManifest.xml:55:9-58:72
161            android:name="androidx.glance.appwidget.GlanceRemoteViewsService"
161-->[androidx.glance:glance-appwidget:1.1.1] AndroidManifest.xml:56:13-78
162            android:exported="true"
162-->[androidx.glance:glance-appwidget:1.1.1] AndroidManifest.xml:57:13-36
163            android:permission="android.permission.BIND_REMOTEVIEWS" />
163-->[androidx.glance:glance-appwidget:1.1.1] AndroidManifest.xml:58:13-69
164        <service
164-->[androidx.credentials:credentials-play-services-auth:1.6.0-beta01] AndroidManifest.xml:24:9-32:19
165            android:name="androidx.credentials.playservices.CredentialProviderMetadataHolder"
165-->[androidx.credentials:credentials-play-services-auth:1.6.0-beta01] AndroidManifest.xml:25:13-94
166            android:enabled="true"
166-->[androidx.credentials:credentials-play-services-auth:1.6.0-beta01] AndroidManifest.xml:26:13-35
167            android:exported="false" >
167-->[androidx.credentials:credentials-play-services-auth:1.6.0-beta01] AndroidManifest.xml:27:13-37
168            <meta-data
168-->[androidx.credentials:credentials-play-services-auth:1.6.0-beta01] AndroidManifest.xml:29:13-31:104
169                android:name="androidx.credentials.CREDENTIAL_PROVIDER_KEY"
169-->[androidx.credentials:credentials-play-services-auth:1.6.0-beta01] AndroidManifest.xml:30:17-76
170                android:value="androidx.credentials.playservices.CredentialProviderPlayServicesImpl" />
170-->[androidx.credentials:credentials-play-services-auth:1.6.0-beta01] AndroidManifest.xml:31:17-101
171        </service>
172
173        <activity
173-->[androidx.credentials:credentials-play-services-auth:1.6.0-beta01] AndroidManifest.xml:34:9-41:20
174            android:name="androidx.credentials.playservices.controllers.identityauth.HiddenActivity"
174-->[androidx.credentials:credentials-play-services-auth:1.6.0-beta01] AndroidManifest.xml:35:13-101
175            android:configChanges="orientation|screenSize|screenLayout|keyboardHidden"
175-->[androidx.credentials:credentials-play-services-auth:1.6.0-beta01] AndroidManifest.xml:36:13-87
176            android:enabled="true"
176-->[androidx.credentials:credentials-play-services-auth:1.6.0-beta01] AndroidManifest.xml:37:13-35
177            android:exported="false"
177-->[androidx.credentials:credentials-play-services-auth:1.6.0-beta01] AndroidManifest.xml:38:13-37
178            android:fitsSystemWindows="true"
178-->[androidx.credentials:credentials-play-services-auth:1.6.0-beta01] AndroidManifest.xml:39:13-45
179            android:theme="@style/Theme.Hidden" >
179-->[androidx.credentials:credentials-play-services-auth:1.6.0-beta01] AndroidManifest.xml:40:13-48
180        </activity>
181        <activity
181-->[androidx.credentials:credentials-play-services-auth:1.6.0-beta01] AndroidManifest.xml:42:9-49:20
182            android:name="androidx.credentials.playservices.controllers.identitycredentials.IdentityCredentialApiHiddenActivity"
182-->[androidx.credentials:credentials-play-services-auth:1.6.0-beta01] AndroidManifest.xml:43:13-129
183            android:configChanges="orientation|screenSize|screenLayout|keyboardHidden"
183-->[androidx.credentials:credentials-play-services-auth:1.6.0-beta01] AndroidManifest.xml:44:13-87
184            android:enabled="true"
184-->[androidx.credentials:credentials-play-services-auth:1.6.0-beta01] AndroidManifest.xml:45:13-35
185            android:exported="false"
185-->[androidx.credentials:credentials-play-services-auth:1.6.0-beta01] AndroidManifest.xml:46:13-37
186            android:fitsSystemWindows="true"
186-->[androidx.credentials:credentials-play-services-auth:1.6.0-beta01] AndroidManifest.xml:47:13-45
187            android:theme="@style/Theme.Hidden" >
187-->[androidx.credentials:credentials-play-services-auth:1.6.0-beta01] AndroidManifest.xml:48:13-48
188        </activity>
189        <activity
189-->[androidx.compose.ui:ui-tooling-android:1.7.8] AndroidManifest.xml:23:9-25:39
190            android:name="androidx.compose.ui.tooling.PreviewActivity"
190-->[androidx.compose.ui:ui-tooling-android:1.7.8] AndroidManifest.xml:24:13-71
191            android:exported="true" />
191-->[androidx.compose.ui:ui-tooling-android:1.7.8] AndroidManifest.xml:25:13-36
192        <activity
192-->[androidx.compose.ui:ui-test-manifest:1.7.8] AndroidManifest.xml:23:9-25:39
193            android:name="androidx.activity.ComponentActivity"
193-->[androidx.compose.ui:ui-test-manifest:1.7.8] AndroidManifest.xml:24:13-63
194            android:exported="true" />
194-->[androidx.compose.ui:ui-test-manifest:1.7.8] AndroidManifest.xml:25:13-36
195        <activity
195-->[com.google.android.gms:play-services-auth:21.3.0] AndroidManifest.xml:23:9-27:75
196            android:name="com.google.android.gms.auth.api.signin.internal.SignInHubActivity"
196-->[com.google.android.gms:play-services-auth:21.3.0] AndroidManifest.xml:24:13-93
197            android:excludeFromRecents="true"
197-->[com.google.android.gms:play-services-auth:21.3.0] AndroidManifest.xml:25:13-46
198            android:exported="false"
198-->[com.google.android.gms:play-services-auth:21.3.0] AndroidManifest.xml:26:13-37
199            android:theme="@android:style/Theme.Translucent.NoTitleBar" />
199-->[com.google.android.gms:play-services-auth:21.3.0] AndroidManifest.xml:27:13-72
200        <!--
201            Service handling Google Sign-In user revocation. For apps that do not integrate with
202            Google Sign-In, this service will never be started.
203        -->
204        <service
204-->[com.google.android.gms:play-services-auth:21.3.0] AndroidManifest.xml:33:9-37:51
205            android:name="com.google.android.gms.auth.api.signin.RevocationBoundService"
205-->[com.google.android.gms:play-services-auth:21.3.0] AndroidManifest.xml:34:13-89
206            android:exported="true"
206-->[com.google.android.gms:play-services-auth:21.3.0] AndroidManifest.xml:35:13-36
207            android:permission="com.google.android.gms.auth.api.signin.permission.REVOCATION_NOTIFICATION"
207-->[com.google.android.gms:play-services-auth:21.3.0] AndroidManifest.xml:36:13-107
208            android:visibleToInstantApps="true" />
208-->[com.google.android.gms:play-services-auth:21.3.0] AndroidManifest.xml:37:13-48
209
210        <activity
210-->[com.google.android.gms:play-services-base:18.5.0] AndroidManifest.xml:5:9-173
211            android:name="com.google.android.gms.common.api.GoogleApiActivity"
211-->[com.google.android.gms:play-services-base:18.5.0] AndroidManifest.xml:5:19-85
212            android:exported="false"
212-->[com.google.android.gms:play-services-base:18.5.0] AndroidManifest.xml:5:146-170
213            android:theme="@android:style/Theme.Translucent.NoTitleBar" />
213-->[com.google.android.gms:play-services-base:18.5.0] AndroidManifest.xml:5:86-145
214
215        <meta-data
215-->[com.google.android.gms:play-services-basement:18.5.0] AndroidManifest.xml:21:9-23:69
216            android:name="com.google.android.gms.version"
216-->[com.google.android.gms:play-services-basement:18.5.0] AndroidManifest.xml:22:13-58
217            android:value="@integer/google_play_services_version" />
217-->[com.google.android.gms:play-services-basement:18.5.0] AndroidManifest.xml:23:13-66
218
219        <service
219-->[androidx.work:work-runtime:2.10.0] AndroidManifest.xml:39:9-45:35
220            android:name="androidx.work.impl.background.systemalarm.SystemAlarmService"
220-->[androidx.work:work-runtime:2.10.0] AndroidManifest.xml:40:13-88
221            android:directBootAware="false"
221-->[androidx.work:work-runtime:2.10.0] AndroidManifest.xml:41:13-44
222            android:enabled="@bool/enable_system_alarm_service_default"
222-->[androidx.work:work-runtime:2.10.0] AndroidManifest.xml:42:13-72
223            android:exported="false" />
223-->[androidx.work:work-runtime:2.10.0] AndroidManifest.xml:43:13-37
224        <service
224-->[androidx.work:work-runtime:2.10.0] AndroidManifest.xml:46:9-52:35
225            android:name="androidx.work.impl.background.systemjob.SystemJobService"
225-->[androidx.work:work-runtime:2.10.0] AndroidManifest.xml:47:13-84
226            android:directBootAware="false"
226-->[androidx.work:work-runtime:2.10.0] AndroidManifest.xml:48:13-44
227            android:enabled="@bool/enable_system_job_service_default"
227-->[androidx.work:work-runtime:2.10.0] AndroidManifest.xml:49:13-70
228            android:exported="true"
228-->[androidx.work:work-runtime:2.10.0] AndroidManifest.xml:50:13-36
229            android:permission="android.permission.BIND_JOB_SERVICE" />
229-->[androidx.work:work-runtime:2.10.0] AndroidManifest.xml:51:13-69
230        <service
230-->[androidx.work:work-runtime:2.10.0] AndroidManifest.xml:53:9-59:35
231            android:name="androidx.work.impl.foreground.SystemForegroundService"
231-->[androidx.work:work-runtime:2.10.0] AndroidManifest.xml:54:13-81
232            android:directBootAware="false"
232-->[androidx.work:work-runtime:2.10.0] AndroidManifest.xml:55:13-44
233            android:enabled="@bool/enable_system_foreground_service_default"
233-->[androidx.work:work-runtime:2.10.0] AndroidManifest.xml:56:13-77
234            android:exported="false" />
234-->[androidx.work:work-runtime:2.10.0] AndroidManifest.xml:57:13-37
235
236        <receiver
236-->[androidx.work:work-runtime:2.10.0] AndroidManifest.xml:61:9-66:35
237            android:name="androidx.work.impl.utils.ForceStopRunnable$BroadcastReceiver"
237-->[androidx.work:work-runtime:2.10.0] AndroidManifest.xml:62:13-88
238            android:directBootAware="false"
238-->[androidx.work:work-runtime:2.10.0] AndroidManifest.xml:63:13-44
239            android:enabled="true"
239-->[androidx.work:work-runtime:2.10.0] AndroidManifest.xml:64:13-35
240            android:exported="false" />
240-->[androidx.work:work-runtime:2.10.0] AndroidManifest.xml:65:13-37
241        <receiver
241-->[androidx.work:work-runtime:2.10.0] AndroidManifest.xml:67:9-77:20
242            android:name="androidx.work.impl.background.systemalarm.ConstraintProxy$BatteryChargingProxy"
242-->[androidx.work:work-runtime:2.10.0] AndroidManifest.xml:68:13-106
243            android:directBootAware="false"
243-->[androidx.work:work-runtime:2.10.0] AndroidManifest.xml:69:13-44
244            android:enabled="false"
244-->[androidx.work:work-runtime:2.10.0] AndroidManifest.xml:70:13-36
245            android:exported="false" >
245-->[androidx.work:work-runtime:2.10.0] AndroidManifest.xml:71:13-37
246            <intent-filter>
246-->[androidx.work:work-runtime:2.10.0] AndroidManifest.xml:73:13-76:29
247                <action android:name="android.intent.action.ACTION_POWER_CONNECTED" />
247-->[androidx.work:work-runtime:2.10.0] AndroidManifest.xml:74:17-87
247-->[androidx.work:work-runtime:2.10.0] AndroidManifest.xml:74:25-84
248                <action android:name="android.intent.action.ACTION_POWER_DISCONNECTED" />
248-->[androidx.work:work-runtime:2.10.0] AndroidManifest.xml:75:17-90
248-->[androidx.work:work-runtime:2.10.0] AndroidManifest.xml:75:25-87
249            </intent-filter>
250        </receiver>
251        <receiver
251-->[androidx.work:work-runtime:2.10.0] AndroidManifest.xml:78:9-88:20
252            android:name="androidx.work.impl.background.systemalarm.ConstraintProxy$BatteryNotLowProxy"
252-->[androidx.work:work-runtime:2.10.0] AndroidManifest.xml:79:13-104
253            android:directBootAware="false"
253-->[androidx.work:work-runtime:2.10.0] AndroidManifest.xml:80:13-44
254            android:enabled="false"
254-->[androidx.work:work-runtime:2.10.0] AndroidManifest.xml:81:13-36
255            android:exported="false" >
255-->[androidx.work:work-runtime:2.10.0] AndroidManifest.xml:82:13-37
256            <intent-filter>
256-->[androidx.work:work-runtime:2.10.0] AndroidManifest.xml:84:13-87:29
257                <action android:name="android.intent.action.BATTERY_OKAY" />
257-->[androidx.work:work-runtime:2.10.0] AndroidManifest.xml:85:17-77
257-->[androidx.work:work-runtime:2.10.0] AndroidManifest.xml:85:25-74
258                <action android:name="android.intent.action.BATTERY_LOW" />
258-->[androidx.work:work-runtime:2.10.0] AndroidManifest.xml:86:17-76
258-->[androidx.work:work-runtime:2.10.0] AndroidManifest.xml:86:25-73
259            </intent-filter>
260        </receiver>
261        <receiver
261-->[androidx.work:work-runtime:2.10.0] AndroidManifest.xml:89:9-99:20
262            android:name="androidx.work.impl.background.systemalarm.ConstraintProxy$StorageNotLowProxy"
262-->[androidx.work:work-runtime:2.10.0] AndroidManifest.xml:90:13-104
263            android:directBootAware="false"
263-->[androidx.work:work-runtime:2.10.0] AndroidManifest.xml:91:13-44
264            android:enabled="false"
264-->[androidx.work:work-runtime:2.10.0] AndroidManifest.xml:92:13-36
265            android:exported="false" >
265-->[androidx.work:work-runtime:2.10.0] AndroidManifest.xml:93:13-37
266            <intent-filter>
266-->[androidx.work:work-runtime:2.10.0] AndroidManifest.xml:95:13-98:29
267                <action android:name="android.intent.action.DEVICE_STORAGE_LOW" />
267-->[androidx.work:work-runtime:2.10.0] AndroidManifest.xml:96:17-83
267-->[androidx.work:work-runtime:2.10.0] AndroidManifest.xml:96:25-80
268                <action android:name="android.intent.action.DEVICE_STORAGE_OK" />
268-->[androidx.work:work-runtime:2.10.0] AndroidManifest.xml:97:17-82
268-->[androidx.work:work-runtime:2.10.0] AndroidManifest.xml:97:25-79
269            </intent-filter>
270        </receiver>
271        <receiver
271-->[androidx.work:work-runtime:2.10.0] AndroidManifest.xml:100:9-109:20
272            android:name="androidx.work.impl.background.systemalarm.ConstraintProxy$NetworkStateProxy"
272-->[androidx.work:work-runtime:2.10.0] AndroidManifest.xml:101:13-103
273            android:directBootAware="false"
273-->[androidx.work:work-runtime:2.10.0] AndroidManifest.xml:102:13-44
274            android:enabled="false"
274-->[androidx.work:work-runtime:2.10.0] AndroidManifest.xml:103:13-36
275            android:exported="false" >
275-->[androidx.work:work-runtime:2.10.0] AndroidManifest.xml:104:13-37
276            <intent-filter>
276-->[androidx.work:work-runtime:2.10.0] AndroidManifest.xml:106:13-108:29
277                <action android:name="android.net.conn.CONNECTIVITY_CHANGE" />
277-->[androidx.work:work-runtime:2.10.0] AndroidManifest.xml:107:17-79
277-->[androidx.work:work-runtime:2.10.0] AndroidManifest.xml:107:25-76
278            </intent-filter>
279        </receiver>
280        <receiver
280-->[androidx.work:work-runtime:2.10.0] AndroidManifest.xml:110:9-121:20
281            android:name="androidx.work.impl.background.systemalarm.RescheduleReceiver"
281-->[androidx.work:work-runtime:2.10.0] AndroidManifest.xml:111:13-88
282            android:directBootAware="false"
282-->[androidx.work:work-runtime:2.10.0] AndroidManifest.xml:112:13-44
283            android:enabled="false"
283-->[androidx.work:work-runtime:2.10.0] AndroidManifest.xml:113:13-36
284            android:exported="false" >
284-->[androidx.work:work-runtime:2.10.0] AndroidManifest.xml:114:13-37
285            <intent-filter>
285-->[androidx.work:work-runtime:2.10.0] AndroidManifest.xml:116:13-120:29
286                <action android:name="android.intent.action.BOOT_COMPLETED" />
286-->[androidx.work:work-runtime:2.10.0] AndroidManifest.xml:117:17-79
286-->[androidx.work:work-runtime:2.10.0] AndroidManifest.xml:117:25-76
287                <action android:name="android.intent.action.TIME_SET" />